<?xml version="1.0" encoding="UTF-8"?>
<!-- Generated by org.testng.reporters.JUnitXMLReporter -->
<testsuite ignored="0" hostname="LAPTOP-IG4K5P6J" failures="1" tests="1" name="Test" time="0.366" errors="0" timestamp="24 Jan 2025 18:33:15 GMT">
  <testcase classname="Test.TestMyAccount" name="verifyMyAccount" time="0.0">
    <failure type="org.testng.TestNGException" message="
Method private void Test.TestMyAccount.verifyMyAccount(java.lang.String,java.lang.String,java.lang.String) requires a @DataProvider named : logintestdata">
      <![CDATA[org.testng.TestNGException: 
Method private void Test.TestMyAccount.verifyMyAccount(java.lang.String,java.lang.String,java.lang.String) requires a @DataProvider named : logintestdata
... Removed 22 stack frames]]>
    </failure>
  </testcase> <!-- verifyMyAccount -->
</testsuite> <!-- Test -->
