<?xml version="1.0" encoding="UTF-8"?>
<!-- Generated by org.testng.reporters.JUnitXMLReporter -->
<testsuite ignored="2" hostname="LAPTOP-IG4K5P6J" failures="1" tests="2" name="Test" time="16.019" errors="0" timestamp="26 Jan 2025 07:34:24 GMT">
  <testcase classname="Test.RegistrationPageTest" name="registrationValidation" time="2.97"/>
  <testcase classname="Test.RegistrationAccount" name="registrationPageValidation" time="9.049">
    <failure type="java.lang.AssertionError" message="expected [Your Account Has Been Created] but found [Your Account Has Been Created!]">
      <![CDATA[java.lang.AssertionError: expected [Your Account Has Been Created] but found [Your Account Has Been Created!]
at Test.RegistrationAccount.registrationPageValidation(RegistrationAccount.java:30)
... Removed 31 stack frames]]>
    </failure>
  </testcase> <!-- registrationPageValidation -->
  <testcase classname="Base.BaseClass" name="@BeforeSuite setup" time="0.0">
    <ignored/>
  </testcase> <!-- @BeforeSuite setup -->
  <testcase classname="Base.BaseClass" name="@AfterSuite tearDown" time="0.0">
    <ignored/>
  </testcase> <!-- @AfterSuite tearDown -->
</testsuite> <!-- Test -->
