<?xml version="1.0" encoding="UTF-8"?>
<testng-results ignored="2" total="4" passed="1" failed="1" skipped="0">
  <reporter-output>
  </reporter-output>
  <suite started-at="2025-01-26T07:34:08Z" name="Suite" finished-at="2025-01-26T07:34:24Z" duration-ms="16019">
    <groups>
    </groups>
    <test started-at="2025-01-26T07:34:08Z" name="Test" finished-at="2025-01-26T07:34:24Z" duration-ms="16019">
      <class name="Test.RegistrationAccount">
        <test-method signature="registrationPageValidation()[pri:0, instance:Test.RegistrationAccount@1fb669c3]" started-at="2025-01-26T07:34:14Z" name="registrationPageValidation" finished-at="2025-01-26T07:34:23Z" duration-ms="9049" status="FAIL">
          <exception class="java.lang.AssertionError">
            <message>
              <![CDATA[expected [Your Account Has Been Created] but found [Your Account Has Been Created!]]]>
            </message>
            <full-stacktrace>
              <![CDATA[java.lang.AssertionError: expected [Your Account Has Been Created] but found [Your Account Has Been Created!]
at org.testng.Assert.fail(Assert.java:96)
at org.testng.Assert.failNotEquals(Assert.java:776)
at org.testng.Assert.assertEqualsImpl(Assert.java:137)
at org.testng.Assert.assertEquals(Assert.java:118)
at org.testng.Assert.assertEquals(Assert.java:453)
at org.testng.Assert.assertEquals(Assert.java:463)
at Test.RegistrationAccount.registrationPageValidation(RegistrationAccount.java:30)
at java.base/jdk.internal.reflect.NativeMethodAccessorImpl.invoke0(Native Method)
at java.base/jdk.internal.reflect.NativeMethodAccessorImpl.invoke(NativeMethodAccessorImpl.java:77)
at java.base/jdk.internal.reflect.DelegatingMethodAccessorImpl.invoke(DelegatingMethodAccessorImpl.java:43)
at java.base/java.lang.reflect.Method.invoke(Method.java:568)
at org.testng.internal.MethodInvocationHelper.invokeMethod(MethodInvocationHelper.java:124)
at org.testng.internal.Invoker.invokeMethod(Invoker.java:583)
at org.testng.internal.Invoker.invokeTestMethod(Invoker.java:719)
at org.testng.internal.Invoker.invokeTestMethods(Invoker.java:989)
at org.testng.internal.TestMethodWorker.invokeTestMethods(TestMethodWorker.java:125)
at org.testng.internal.TestMethodWorker.run(TestMethodWorker.java:109)
at org.testng.TestRunner.privateRun(TestRunner.java:648)
at org.testng.TestRunner.run(TestRunner.java:505)
at org.testng.SuiteRunner.runTest(SuiteRunner.java:455)
at org.testng.SuiteRunner.runSequentially(SuiteRunner.java:450)
at org.testng.SuiteRunner.privateRun(SuiteRunner.java:415)
at org.testng.SuiteRunner.run(SuiteRunner.java:364)
at org.testng.SuiteRunnerWorker.runSuite(SuiteRunnerWorker.java:52)
at org.testng.SuiteRunnerWorker.run(SuiteRunnerWorker.java:84)
at org.testng.TestNG.runSuitesSequentially(TestNG.java:1208)
at org.testng.TestNG.runSuitesLocally(TestNG.java:1137)
at org.testng.TestNG.runSuites(TestNG.java:1049)
at org.testng.TestNG.run(TestNG.java:1017)
at org.testng.remote.AbstractRemoteTestNG.run(AbstractRemoteTestNG.java:115)
at org.testng.remote.RemoteTestNG.initAndRun(RemoteTestNG.java:251)
at org.testng.remote.RemoteTestNG.main(RemoteTestNG.java:77)
]]>
            </full-stacktrace>
          </exception> <!-- java.lang.AssertionError -->
          <reporter-output>
          </reporter-output>
        </test-method> <!-- registrationPageValidation -->
      </class> <!-- Test.RegistrationAccount -->
      <class name="Test.RegistrationPageTest">
        <test-method is-config="true" signature="setup()[pri:0, instance:Test.RegistrationPageTest@1339e7aa]" started-at="2025-01-26T07:33:50Z" name="setup" finished-at="2025-01-26T07:34:08Z" duration-ms="17908" status="PASS">
          <reporter-output>
          </reporter-output>
        </test-method> <!-- setup -->
        <test-method signature="registrationValidation()[pri:0, instance:Test.RegistrationPageTest@1339e7aa]" started-at="2025-01-26T07:34:11Z" name="registrationValidation" finished-at="2025-01-26T07:34:14Z" duration-ms="2970" status="PASS">
          <reporter-output>
          </reporter-output>
        </test-method> <!-- registrationValidation -->
        <test-method is-config="true" signature="tearDown()[pri:0, instance:Test.RegistrationPageTest@1339e7aa]" started-at="2025-01-26T07:34:49Z" name="tearDown" finished-at="2025-01-26T07:34:55Z" duration-ms="5959" status="PASS">
          <reporter-output>
          </reporter-output>
        </test-method> <!-- tearDown -->
      </class> <!-- Test.RegistrationPageTest -->
    </test> <!-- Test -->
  </suite> <!-- Suite -->
</testng-results>
